:::  Backup Routine 2022?1?4? :::
 
2022/1/4 8:57:24 : GeoIP Update Start
2022/1/4 8:57:24 : ----------------------------
2022/1/4 8:57:24 : Checking for script update at GitHub
2022/1/4 8:57:25 : Backup & Upload script is latest version: 2.07
2022/1/4 8:57:25 : ----------------------------
2022/1/4 8:57:25 : Deleting old files
2022/1/4 8:57:25 : Folder D:\GeoLite2SQL-master\GeoLite2-City-CSV successfully deleted
2022/1/4 8:57:25 : Old zip file D:\GeoLite2SQL-master\Script-Created-Files\GeoLite2-City-CSV.zip successfully deleted
2022/1/4 8:57:25 : ----------------------------
2022/1/4 8:57:25 : Downloading MaxMind data
2022/1/4 8:58:16 : MaxMind data successfully downloaded in 50 seconds
2022/1/4 8:58:17 : MaxMind data successfully unzipped in 1 second
2022/1/4 8:58:18 : Locations CSV successfully renamed
2022/1/4 8:58:18 : ----------------------------
2022/1/4 8:58:18 : Counting database records for comparison
2022/1/4 8:59:31 : 3,663,838 database records prior to starting update
2022/1/4 8:59:31 : ----------------------------
2022/1/4 8:59:31 : Counting CSV records for comparison
2022/1/4 8:59:36 : Counted 3,661,843 IPv4 records in new CSV in 5 seconds
2022/1/4 8:59:36 : ----------------------------
2022/1/4 8:59:36 : Converting CSV
2022/1/4 8:59:47 : City IP CSV successfully converted to integer-range in 11 seconds
2022/1/4 8:59:47 : ----------------------------
2022/1/4 8:59:47 : Drop and recreate database tables
2022/1/4 8:59:47 : Database tables successfully dropped and created
2022/1/4 8:59:47 : ----------------------------
2022/1/4 8:59:47 : Import city IP information
2022/1/4 9:05:52 : 3,661,843 city IP records imported in 6 minutes 4 seconds
2022/1/4 9:05:52 : ----------------------------
2022/1/4 9:05:52 : Import city name information
2022/1/4 9:05:55 : 137,753 city name records imported in 2 seconds
2022/1/4 9:05:55 : ----------------------------
2022/1/4 9:05:55 : Successfully imported 3,661,843 records in 8 minutes 30 seconds
2022/1/4 9:05:55 : [INFO] Net change of 1,995 records since last update
2022/1/4 9:05:55 : GeoIP update finished
